This is XeTeX, Version 3.141592653-2.6-0.999994 (MiKTeX 22.3) (preloaded format=xelatex 2023.5.21)  21 MAY 2023 21:30
entering extended mode
 restricted \write18 enabled.
 %&-line parsing enabled.
**./media/Tex/f031bacc29f05698.tex
(media/Tex/f031bacc29f05698.tex
LaTeX2e <2021-11-15> patch level 1
L3 programming layer <2022-04-10>
(C:\Users\Usuario\Documents\ManimCE\MiKTeX files\tex/latex/standalone\standalon
e.cls
Document Class: standalone 2018/03/26 v1.3a Class to compile TeX sub-files stan
dalone
(C:\Users\Usuario\Documents\ManimCE\MiKTeX files\tex/latex/tools\shellesc.sty
Package: shellesc 2019/11/08 v1.0c unified shell escape interface for LaTeX
Package shellesc Info: Restricted shell escape enabled on input line 77.
)
(C:\Users\Usuario\Documents\ManimCE\MiKTeX files\tex/generic/iftex\ifluatex.sty
Package: ifluatex 2019/10/25 v1.5 ifluatex legacy package. Use iftex instead.
(C:\Users\Usuario\Documents\ManimCE\MiKTeX files\tex/generic/iftex\iftex.sty
Package: iftex 2022/02/03 v1.0f TeX engine tests
)) (C:\Users\Usuario\Documents\ManimCE\MiKTeX files\tex/latex/xkeyval\xkeyval.s
ty
Package: xkeyval 2020/11/20 v2.8 package option processing (HA)

(C:\Users\Usuario\Documents\ManimCE\MiKTeX files\tex/generic/xkeyval\xkeyval.te
x
(C:\Users\Usuario\Documents\ManimCE\MiKTeX files\tex/generic/xkeyval\xkvutils.t
ex
\XKV@toks=\toks16
\XKV@tempa@toks=\toks17

(C:\Users\Usuario\Documents\ManimCE\MiKTeX files\tex/generic/xkeyval\keyval.tex
))
\XKV@depth=\count181
File: xkeyval.tex 2014/12/03 v2.7a key=value parser (HA)
))
\sa@internal=\count182
\c@sapage=\count183

(C:\Users\Usuario\Documents\ManimCE\MiKTeX files\tex/latex/standalone\standalon
e.cfg
File: standalone.cfg 2018/03/26 v1.3a Default configuration file for 'standalon
e' class
) (C:\Users\Usuario\Documents\ManimCE\MiKTeX files\tex/latex/base\article.cls
Document Class: article 2021/10/04 v1.4n Standard LaTeX document class
(C:\Users\Usuario\Documents\ManimCE\MiKTeX files\tex/latex/base\size10.clo
File: size10.clo 2021/10/04 v1.4n Standard LaTeX file (size option)
)
\c@part=\count184
\c@section=\count185
\c@subsection=\count186
\c@subsubsection=\count187
\c@paragraph=\count188
\c@subparagraph=\count189
\c@figure=\count190
\c@table=\count191
\abovecaptionskip=\skip47
\belowcaptionskip=\skip48
\bibindent=\dimen138
) (C:\Users\Usuario\Documents\ManimCE\MiKTeX files\tex/latex/preview\preview.st
y
Package: preview 2017/04/24 13.1 (AUCTeX/preview-latex)

(C:\Users\Usuario\Documents\ManimCE\MiKTeX files\tex/latex/luatex85\luatex85.st
y
Package: luatex85 2016/06/15 v1.4 pdftex aliases for luatex
)
(C:\Users\Usuario\Documents\ManimCE\MiKTeX files\tex/latex/preview\prtightpage.
def
\PreviewBorder=\dimen139
)
\pr@snippet=\count192
\pr@box=\box50
\pr@output=\toks18
)) (C:\Users\Usuario\Documents\ManimCE\MiKTeX files\tex/generic/babel\babel.sty
Package: babel 2022/02/26 3.73 The Babel package
\babel@savecnt=\count193
\U@D=\dimen140
\l@unhyphenated=\language79
(C:\Users\Usuario\Documents\ManimCE\MiKTeX files\tex/generic/babel\xebabel.def
(C:\Users\Usuario\Documents\ManimCE\MiKTeX files\tex/generic/babel\txtbabel.def
))
\bbl@readstream=\read2
\bbl@dirlevel=\count194
*************************************
* Local config file bblopts.cfg used
*
(C:\Users\Usuario\Documents\ManimCE\MiKTeX files\tex/latex/arabi\bblopts.cfg
File: bblopts.cfg 2005/09/08 v0.1 add Arabic and Farsi to "declared" options of
 babel
)
(C:\Users\Usuario\Documents\ManimCE\MiKTeX files\tex/latex/babel-english\englis
h.ldf
Language: english 2017/06/06 v3.3r English support from the babel system
Package babel Info: Hyphen rules for 'canadian' set to \l@english
(babel)             (\language0). Reported on input line 102.
Package babel Info: Hyphen rules for 'australian' set to \l@ukenglish
(babel)             (\language73). Reported on input line 105.
Package babel Info: Hyphen rules for 'newzealand' set to \l@ukenglish
(babel)             (\language73). Reported on input line 108.
)) (C:\Users\Usuario\Documents\ManimCE\MiKTeX files\tex/latex/amsmath\amsmath.s
ty
Package: amsmath 2021/10/15 v2.17l AMS math features
\@mathmargin=\skip49
For additional information on amsmath, use the `?' option.
(C:\Users\Usuario\Documents\ManimCE\MiKTeX files\tex/latex/amsmath\amstext.sty
Package: amstext 2021/08/26 v2.01 AMS text
(C:\Users\Usuario\Documents\ManimCE\MiKTeX files\tex/latex/amsmath\amsgen.sty
File: amsgen.sty 1999/11/30 v2.0 generic functions
\@emptytoks=\toks19
\ex@=\dimen141
)) (C:\Users\Usuario\Documents\ManimCE\MiKTeX files\tex/latex/amsmath\amsbsy.st
y
Package: amsbsy 1999/11/29 v1.2d Bold Symbols
\pmbraise@=\dimen142
) (C:\Users\Usuario\Documents\ManimCE\MiKTeX files\tex/latex/amsmath\amsopn.sty
Package: amsopn 2021/08/26 v2.02 operator names
)
\inf@bad=\count195
LaTeX Info: Redefining \frac on input line 234.
\uproot@=\count196
\leftroot@=\count197
LaTeX Info: Redefining \overline on input line 399.
\classnum@=\count198
\DOTSCASE@=\count199
LaTeX Info: Redefining \ldots on input line 496.
LaTeX Info: Redefining \dots on input line 499.
LaTeX Info: Redefining \cdots on input line 620.
\Mathstrutbox@=\box51
\strutbox@=\box52
\big@size=\dimen143
LaTeX Font Info:    Redeclaring font encoding OML on input line 743.
LaTeX Font Info:    Redeclaring font encoding OMS on input line 744.
\macc@depth=\count266
\c@MaxMatrixCols=\count267
\dotsspace@=\muskip16
\c@parentequation=\count268
\dspbrk@lvl=\count269
\tag@help=\toks20
\row@=\count270
\column@=\count271
\maxfields@=\count272
\andhelp@=\toks21
\eqnshift@=\dimen144
\alignsep@=\dimen145
\tagshift@=\dimen146
\tagwidth@=\dimen147
\totwidth@=\dimen148
\lineht@=\dimen149
\@envbody=\toks22
\multlinegap=\skip50
\multlinetaggap=\skip51
\mathdisplay@stack=\toks23
LaTeX Info: Redefining \[ on input line 2938.
LaTeX Info: Redefining \] on input line 2939.
)
(C:\Users\Usuario\Documents\ManimCE\MiKTeX files\tex/latex/amsfonts\amssymb.sty
Package: amssymb 2013/01/14 v3.01 AMS font symbols

(C:\Users\Usuario\Documents\ManimCE\MiKTeX files\tex/latex/amsfonts\amsfonts.st
y
Package: amsfonts 2013/01/14 v3.01 Basic AMSFonts support
\symAMSa=\mathgroup4
\symAMSb=\mathgroup5
LaTeX Font Info:    Redeclaring math symbol \hbar on input line 98.
LaTeX Font Info:    Overwriting math alphabet `\mathfrak' in version `bold'
(Font)                  U/euf/m/n --> U/euf/b/n on input line 106.
))
(C:\Users\Usuario\Documents\ManimCE\MiKTeX files\tex/latex/fontspec\fontspec.st
y
(C:\Users\Usuario\Documents\ManimCE\MiKTeX files\tex/latex/l3packages/xparse\xp
arse.sty (C:\Users\Usuario\Documents\ManimCE\MiKTeX files\tex/latex/l3kernel\ex
pl3.sty
Package: expl3 2022-04-10 L3 programming layer (loader) 

(C:\Users\Usuario\Documents\ManimCE\MiKTeX files\tex/latex/l3backend\l3backend-
xetex.def
File: l3backend-xetex.def 2022-04-14 L3 backend support: XeTeX
\l__color_backend_stack_int=\count273
\g__color_backend_stack_int=\count274
\g__graphics_track_int=\count275
\l__pdf_internal_box=\box53
\g__pdf_backend_object_int=\count276
\g__pdf_backend_annotation_int=\count277
\g__pdf_backend_link_int=\count278
))
Package: xparse 2022-01-12 L3 Experimental document command parser
)
Package: fontspec 2022/01/15 v2.8a Font selection for XeLaTeX and LuaLaTeX

(C:\Users\Usuario\Documents\ManimCE\MiKTeX files\tex/latex/fontspec\fontspec-xe
tex.sty
Package: fontspec-xetex 2022/01/15 v2.8a Font selection for XeLaTeX and LuaLaTe
X
\l__fontspec_script_int=\count279
\l__fontspec_language_int=\count280
\l__fontspec_strnum_int=\count281
\l__fontspec_tmp_int=\count282
\l__fontspec_tmpa_int=\count283
\l__fontspec_tmpb_int=\count284
\l__fontspec_tmpc_int=\count285
\l__fontspec_em_int=\count286
\l__fontspec_emdef_int=\count287
\l__fontspec_strong_int=\count288
\l__fontspec_strongdef_int=\count289
\l__fontspec_tmpa_dim=\dimen150
\l__fontspec_tmpb_dim=\dimen151
\l__fontspec_tmpc_dim=\dimen152
(C:\Users\Usuario\Documents\ManimCE\MiKTeX files\tex/latex/base\fontenc.sty
Package: fontenc 2021/04/29 v2.0v Standard LaTeX package
)
(C:\Users\Usuario\Documents\ManimCE\MiKTeX files\tex/latex/fontspec\fontspec.cf
g)))

! Package fontspec Error: The font "Poppins" cannot be found.

For immediate help type H <return>.
 ...                                              
                                                  
l.8 \begin
          {document} 
Here is how much of TeX's memory you used:
 5669 strings out of 410944
 138204 string characters out of 2822820
 493338 words of memory out of 3000000
 26419 multiletter control sequences out of 15000+600000
 469275 words of font info for 30 fonts, out of 8000000 for 9000
 1348 hyphenation exceptions out of 8191
 72i,0n,77p,292b,116s stack positions out of 10000i,1000n,20000p,200000b,80000s

No pages of output.
